********************************************************************************
*                    Tuesday, February 27, 2018 12:53:23 AM                    *
********************************************************************************
CSharpCompilerWrapper.exe version: 4.0.2.220
Unity version: 2017.3.1f1
Platform: Windows
Target assembly: Assembly-CSharp.dll
Project directory: C:\Users\Geoffrey\source\repos\GameOfColor
Target profile directory: C:\Program Files\Unity\Editor\Data\MonoBleedingEdge\lib\mono\unity
Unity Mono executable: C:\Program Files\Unity\Editor\Data\MonoBleedingEdge\bin\mono.exe
Compiler: Microsoft C# 7.2 (2.6.0.62329)

- Compilation ------------------------------------------------

Process: C:\Users\Geoffrey\source\repos\GameOfColor\CSharp70Support\Roslyn\csc.exe
Arguments: -noconfig @Temp/UnityTempFile-11ecc051ac3133c4f99169d9bf6189e4
Exit code: 1
Elapsed time: 0.30 sec

- Output (10 lines):
0: error CS2001: Source file 'C:\Users\Geoffrey\source\repos\GameOfColor\Assets/Scripts/Controllers/GameStateMachine.cs' could not be found.
1: error CS2001: Source file 'C:\Users\Geoffrey\source\repos\GameOfColor\Assets/Scripts/GUI/SelectLevel.cs' could not be found.
2: error CS2001: Source file 'C:\Users\Geoffrey\source\repos\GameOfColor\Assets/Scripts/GameManager/Pause.cs' could not be found.
3: error CS2001: Source file 'C:\Users\Geoffrey\source\repos\GameOfColor\Assets/Scripts/GameManager/GameManager.cs' could not be found.
4: error CS2001: Source file 'C:\Users\Geoffrey\source\repos\GameOfColor\Assets/Scripts/GUI/Options.cs' could not be found.
5: error CS2001: Source file 'C:\Users\Geoffrey\source\repos\GameOfColor\Assets/Scripts/GUI/Cast.cs' could not be found.
6: error CS2001: Source file 'C:\Users\Geoffrey\source\repos\GameOfColor\Assets/Scripts/Controllers/AudioManager.cs' could not be found.
7: error CS2001: Source file 'C:\Users\Geoffrey\source\repos\GameOfColor\Assets/Scripts/Controllers/StateComponentBase.cs' could not be found.
8: error CS2001: Source file 'C:\Users\Geoffrey\source\repos\GameOfColor\Assets/Scripts/GUI/Logo.cs' could not be found.
9: error CS2001: Source file 'C:\Users\Geoffrey\source\repos\GameOfColor\Assets/Scripts/GUI/Menu.cs' could not be found.

- Errors (0 lines):

********************************************************************************
*                    Tuesday, February 27, 2018 12:53:27 AM                    *
********************************************************************************
CSharpCompilerWrapper.exe version: 4.0.2.220
Unity version: 2017.3.1f1
Platform: Windows
Target assembly: Assembly-CSharp.dll
Project directory: C:\Users\Geoffrey\source\repos\GameOfColor
Target profile directory: C:\Program Files\Unity\Editor\Data\MonoBleedingEdge\lib\mono\unity
Unity Mono executable: C:\Program Files\Unity\Editor\Data\MonoBleedingEdge\bin\mono.exe
Compiler: Microsoft C# 7.2 (2.6.0.62329)

- Compilation ------------------------------------------------

Process: C:\Users\Geoffrey\source\repos\GameOfColor\CSharp70Support\Roslyn\csc.exe
Arguments: -noconfig @Temp/UnityTempFile-2d223d60621890e498eabf8c725b4ebb
Exit code: 0
Elapsed time: 0.92 sec

- Output (0 lines):

- Errors (0 lines):

- PDB to MDB conversion --------------------------------------

Process: C:\Users\Geoffrey\source\repos\GameOfColor\CSharp70Support\Roslyn\pdb2mdb.exe
Arguments: Temp\Assembly-CSharp.dll
Exit code: 0
Elapsed time: 0.38 sec

- Output (0 lines):

- Errors (0 lines):

********************************************************************************
*                    Tuesday, February 27, 2018 12:53:30 AM                    *
********************************************************************************
CSharpCompilerWrapper.exe version: 4.0.2.220
Unity version: 2017.3.1f1
Platform: Windows
Target assembly: Assembly-CSharp-Editor.dll
Project directory: C:\Users\Geoffrey\source\repos\GameOfColor
Target profile directory: C:\Program Files\Unity\Editor\Data\MonoBleedingEdge\lib\mono\2.0-api
Unity Mono executable: C:\Program Files\Unity\Editor\Data\MonoBleedingEdge\bin\mono.exe
Compiler: Microsoft C# 7.2 (2.6.0.62329)

- Compilation ------------------------------------------------

Process: C:\Users\Geoffrey\source\repos\GameOfColor\CSharp70Support\Roslyn\csc.exe
Arguments: -noconfig @Temp/UnityTempFile-4a68c9b6ec1b9774683520c3c7e5ac14
Exit code: 0
Elapsed time: 0.69 sec

- Output (0 lines):

- Errors (0 lines):

- PDB to MDB conversion --------------------------------------

Process: C:\Users\Geoffrey\source\repos\GameOfColor\CSharp70Support\Roslyn\pdb2mdb.exe
Arguments: Temp\Assembly-CSharp-Editor.dll
Exit code: 0
Elapsed time: 0.21 sec

- Output (0 lines):

- Errors (0 lines):

********************************************************************************
*                    Tuesday, February 27, 2018 12:57:12 AM                    *
********************************************************************************
CSharpCompilerWrapper.exe version: 4.0.2.220
Unity version: 2017.3.1f1
Platform: Windows
Target assembly: Assembly-CSharp.dll
Project directory: C:\Users\Geoffrey\source\repos\GameOfColor
Target profile directory: C:\Program Files\Unity\Editor\Data\MonoBleedingEdge\lib\mono\unity
Unity Mono executable: C:\Program Files\Unity\Editor\Data\MonoBleedingEdge\bin\mono.exe
Compiler: Microsoft C# 7.2 (2.6.0.62329)

- Compilation ------------------------------------------------

Process: C:\Users\Geoffrey\source\repos\GameOfColor\CSharp70Support\Roslyn\csc.exe
Arguments: -noconfig @Temp/UnityTempFile-66d34bd600575d44db83249e9cbea655
Exit code: 0
Elapsed time: 1.35 sec

- Output (0 lines):

- Errors (0 lines):

- PDB to MDB conversion --------------------------------------

Process: C:\Users\Geoffrey\source\repos\GameOfColor\CSharp70Support\Roslyn\pdb2mdb.exe
Arguments: Temp\Assembly-CSharp.dll
Exit code: 0
Elapsed time: 0.31 sec

- Output (0 lines):

- Errors (0 lines):

********************************************************************************
*                    Tuesday, February 27, 2018 12:57:15 AM                    *
********************************************************************************
CSharpCompilerWrapper.exe version: 4.0.2.220
Unity version: 2017.3.1f1
Platform: Windows
Target assembly: Assembly-CSharp-Editor.dll
Project directory: C:\Users\Geoffrey\source\repos\GameOfColor
Target profile directory: C:\Program Files\Unity\Editor\Data\MonoBleedingEdge\lib\mono\2.0-api
Unity Mono executable: C:\Program Files\Unity\Editor\Data\MonoBleedingEdge\bin\mono.exe
Compiler: Microsoft C# 7.2 (2.6.0.62329)

- Compilation ------------------------------------------------

Process: C:\Users\Geoffrey\source\repos\GameOfColor\CSharp70Support\Roslyn\csc.exe
Arguments: -noconfig @Temp/UnityTempFile-e7e77b6f8fb3a9848ba1d285077050ba
Exit code: 0
Elapsed time: 0.76 sec

- Output (0 lines):

- Errors (0 lines):

- PDB to MDB conversion --------------------------------------

Process: C:\Users\Geoffrey\source\repos\GameOfColor\CSharp70Support\Roslyn\pdb2mdb.exe
Arguments: Temp\Assembly-CSharp-Editor.dll
Exit code: 0
Elapsed time: 0.26 sec

- Output (0 lines):

- Errors (0 lines):

